<?xml version="1.0" encoding="UTF-8"?>
<testsuite xmlns:xsi="http://www.w3.org/2001/XMLSchema-instance" xsi:noNamespaceSchemaLocation="https://maven.apache.org/surefire/maven-surefire-plugin/xsd/surefire-test-report.xsd" name="Playwright Tests" time="13.25" tests="7" errors="0" skipped="0" failures="0">
  <properties>
[...]
</properties>
  <testcase name="Check page title" classname="Playwright Tests" time="11.089"/>
  <testcase name="Check View all button" classname="Playwright Tests" time="0.168"/>
  <testcase name="Check catalog items" classname="Playwright Tests" time="1.474"/>
  <testcase name="Check footer" classname="Playwright Tests" time="0.105"/>
  <testcase name="Check logo" classname="Playwright Tests" time="0.112"/>
  <testcase name="Check navigation menu" classname="Playwright Tests" time="0.121"/>
  <testcase name="Check page H1" classname="Playwright Tests" time="0.175"/>
</testsuite>